Mon Mar 4 14:11:44 UTC 2024: Disabling online screensaver auto-update
Mon Mar 4 14:11:48 UTC 2024: Enabling online screensaver auto-update
Mon Mar 4 14:11:48 UTC 2024: Full two day schedule: 0:0-0:1=300 00:01-08:00=30 08:00-20:00=1 20:00-24:00=10 24:0-24:1=300 24:1-32:0=30 32:0-44:0=1 44:0-48:0=10
Mon Mar 4 14:11:48 UTC 2024: Device nor in ready nor in Screensaver status
Mon Mar 4 14:11:58 UTC 2024: Device nor in ready nor in Screensaver status
Mon Mar 4 14:12:08 UTC 2024: Running update on Screen Saver status
Mon Mar 4 14:12:08 UTC 2024: Screen saver image updated
Mon Mar 4 14:18:06 UTC 2024: Enabling online screensaver auto-update
Mon Mar 4 14:21:40 UTC 2024: Disabling online screensaver auto-update
Mon Mar 4 14:21:50 UTC 2024: Enabling online screensaver auto-update
Mon Mar 4 14:21:50 UTC 2024: Full two day schedule: 0:0-0:1=300 00:01-08:00=30 08:00-20:00=1 20:00-24:00=10 24:0-24:1=300 24:1-32:0=30 32:0-44:0=1 44:0-48:0=10
Mon Mar 4 14:21:50 UTC 2024: Device nor in ready nor in Screensaver status
Mon Mar 4 14:22:00 UTC 2024: Device nor in ready nor in Screensaver status
Mon Mar 4 14:22:10 UTC 2024: Running update on Screen Saver status
Mon Mar 4 14:22:11 UTC 2024: Screen saver image updated
Mon Mar 4 14:22:11 UTC 2024: Powerd
Mon Mar 4 14:27:16 UTC 2024: Enabling online screensaver auto-update
Mon Mar 4 14:27:16 UTC 2024: Full two day schedule: 0:0-0:1=300 00:01-08:00=30 08:00-20:00=1 20:00-24:00=10 24:0-24:1=300 24:1-32:0=30 32:0-44:0=1 44:0-48:0=10
Mon Mar 4 14:27:16 UTC 2024: Running update on Screen Saver status
Mon Mar 4 14:27:17 UTC 2024: Screen saver image updated
Mon Mar 4 14:27:17 UTC 2024: Updating image on screen
Mon Mar 4 14:39:02 UTC 2024: Disabling online screensaver auto-update
Mon Mar 4 14:39:05 UTC 2024: Enabling online screensaver auto-update
Mon Mar 4 14:39:05 UTC 2024: Full two day schedule: 00:00-01:00=10 01:00-08:00=30 08:00-20:00=1 20:00-24:00=10 24:0-25:0=10 25:0-32:0=30 32:0-44:0=1 44:0-48:0=10
Mon Mar 4 14:39:05 UTC 2024: loooop
Mon Mar 4 14:39:06 UTC 2024: Running update on Screen Saver status
Mon Mar 4 14:39:06 UTC 2024: Screen saver image updated
Mon Mar 4 14:39:06 UTC 2024: Updating image on screen
Mon Mar 4 14:46:55 UTC 2024: Disabling online screensaver auto-update
Mon Mar 4 14:47:05 UTC 2024: Enabling online screensaver auto-update
Mon Mar 4 14:47:06 UTC 2024: Full two day schedule: 00:00-01:00=10 01:00-08:00=30 08:00-20:00=1 20:00-24:00=10 24:0-25:0=10 25:0-32:0=30 32:0-44:0=1 44:0-48:0=10
Mon Mar 4 14:47:06 UTC 2024: loooop
Mon Mar 4 14:47:06 UTC 2024: Running update on Screen Saver status
Mon Mar 4 14:47:08 UTC 2024: Screen saver image updated
Mon Mar 4 14:47:08 UTC 2024: Updating image on screen
Mon Mar 4 14:49:32 UTC 2024: Disabling online screensaver auto-update
Mon Mar 4 14:50:16 UTC 2024: Enabling online screensaver auto-update
Mon Mar 4 14:50:16 UTC 2024: Full two day schedule: 00:00-01:00=10 01:00-08:00=30 08:00-20:00=1 20:00-24:00=10 24:0-25:0=10 25:0-32:0=30 32:0-44:0=1 44:0-48:0=10
Mon Mar 4 14:50:16 UTC 2024: loooop
Mon Mar 4 14:50:16 UTC 2024: Running update on Screen Saver status
Mon Mar 4 14:50:17 UTC 2024: Screen saver image updated
Mon Mar 4 14:50:17 UTC 2024: Updating image on screen
Mon Mar 4 14:50:17 UTC 2024: Device nor in ready nor in Screensaver status
Mon Mar 4 14:50:27 UTC 2024: loooop
Mon Mar 4 14:50:27 UTC 2024: Running update on Screen Saver status
Mon Mar 4 14:50:28 UTC 2024: Screen saver image updated
Mon Mar 4 14:50:28 UTC 2024: Updating image on screen
Mon Mar 4 14:50:29 UTC 2024: Device nor in ready nor in Screensaver status
Mon Mar 4 14:50:39 UTC 2024: loooop
Mon Mar 4 14:50:39 UTC 2024: Running update on Screen Saver status
Mon Mar 4 14:50:39 UTC 2024: Screen saver image updated
Mon Mar 4 14:50:39 UTC 2024: Updating image on screen
Mon Mar 4 14:50:40 UTC 2024: Device nor in ready nor in Screensaver status
Mon Mar 4 14:50:42 UTC 2024: Disabling online screensaver auto-update
Mon Mar 4 14:53:39 UTC 2024: Disabling online screensaver auto-update
Mon Mar 4 14:54:35 UTC 2024: Enabling online screensaver auto-update
Mon Mar 4 14:54:36 UTC 2024: Full two day schedule: 00:00-01:00=10 01:00-08:00=30 08:00-20:00=1 20:00-24:00=10 24:0-25:0=10 25:0-32:0=30 32:0-44:0=1 44:0-48:0=10
Mon Mar 4 14:54:36 UTC 2024: loooop
Mon Mar 4 14:54:36 UTC 2024: Running update on Screen Saver status
Mon Mar 4 14:54:36 UTC 2024: Screen saver image updated
Mon Mar 4 14:54:36 UTC 2024: Updating image on screen
Mon Mar 4 14:54:37 UTC 2024: Schedule 08:00-20:00=1 used, next update in 1 minutes
Mon Mar 4 14:54:37 UTC 2024: Next update in 1 minutes
Mon Mar 4 14:54:37 UTC 2024: Starting to wait for timeout to expire: 60
Mon Mar 4 14:55:37 UTC 2024: Received event:
Mon Mar 4 14:55:37 UTC 2024: Ignored event:
Mon Mar 4 14:55:37 UTC 2024: Wait finished
Mon Mar 4 14:55:38 UTC 2024: loooop
Mon Mar 4 14:55:38 UTC 2024: Running update on Screen Saver status
Mon Mar 4 14:55:38 UTC 2024: Screen saver image updated
Mon Mar 4 14:55:38 UTC 2024: Updating image on screen
Mon Mar 4 14:55:39 UTC 2024: Schedule 08:00-20:00=1 used, next update in 1 minutes
Mon Mar 4 14:55:39 UTC 2024: Next update in 1 minutes
Mon Mar 4 14:55:39 UTC 2024: Starting to wait for timeout to expire: 60
Mon Mar 4 14:56:39 UTC 2024: Received event:
Mon Mar 4 14:56:39 UTC 2024: Ignored event:
Mon Mar 4 14:56:39 UTC 2024: Wait finished
Mon Mar 4 14:56:40 UTC 2024: loooop
Mon Mar 4 14:56:40 UTC 2024: Running update on Screen Saver status
Mon Mar 4 14:56:40 UTC 2024: Screen saver image updated
Mon Mar 4 14:56:41 UTC 2024: Updating image on screen
Mon Mar 4 14:56:41 UTC 2024: Schedule 08:00-20:00=1 used, next update in 1 minutes
Mon Mar 4 14:56:41 UTC 2024: Next update in 1 minutes
Mon Mar 4 14:56:41 UTC 2024: Starting to wait for timeout to expire: 60
Mon Mar 4 14:57:41 UTC 2024: Received event:
Mon Mar 4 14:57:41 UTC 2024: Ignored event:
Mon Mar 4 14:57:41 UTC 2024: Wait finished
Mon Mar 4 14:57:42 UTC 2024: loooop
Mon Mar 4 14:57:42 UTC 2024: Running update on Screen Saver status
Mon Mar 4 14:57:43 UTC 2024: Screen saver image updated
Mon Mar 4 14:57:43 UTC 2024: Updating image on screen
Mon Mar 4 14:57:43 UTC 2024: Schedule 08:00-20:00=1 used, next update in 1 minutes
Mon Mar 4 14:57:44 UTC 2024: Next update in 1 minutes
Mon Mar 4 14:57:44 UTC 2024: Starting to wait for timeout to expire: 60
Mon Mar 4 14:58:45 UTC 2024: loooop
Mon Mar 4 14:58:45 UTC 2024: Device nor in ready nor in Screensaver status
Mon Mar 4 14:58:55 UTC 2024: loooop
Mon Mar 4 14:58:55 UTC 2024: Device nor in ready nor in Screensaver status
Mon Mar 4 14:59:05 UTC 2024: loooop
Mon Mar 4 14:59:05 UTC 2024: Device nor in ready nor in Screensaver status
Mon Mar 4 14:59:15 UTC 2024: loooop
Mon Mar 4 14:59:15 UTC 2024: Device nor in ready nor in Screensaver status
Mon Mar 4 14:59:25 UTC 2024: loooop
Mon Mar 4 14:59:25 UTC 2024: Device nor in ready nor in Screensaver status
Mon Mar 4 14:59:35 UTC 2024: loooop
Mon Mar 4 14:59:35 UTC 2024: Device nor in ready nor in Screensaver status
Mon Mar 4 14:59:45 UTC 2024: loooop
Mon Mar 4 14:59:46 UTC 2024: Device nor in ready nor in Screensaver status
Mon Mar 4 14:59:56 UTC 2024: loooop
Mon Mar 4 14:59:56 UTC 2024: Device nor in ready nor in Screensaver status
Mon Mar 4 15:00:06 UTC 2024: loooop
Mon Mar 4 15:00:06 UTC 2024: Device nor in ready nor in Screensaver status
Mon Mar 4 15:00:16 UTC 2024: loooop
Mon Mar 4 15:00:16 UTC 2024: Device nor in ready nor in Screensaver status
Mon Mar 4 15:00:26 UTC 2024: loooop
Mon Mar 4 15:00:26 UTC 2024: Device nor in ready nor in Screensaver status
Mon Mar 4 15:00:36 UTC 2024: loooop
Mon Mar 4 15:00:36 UTC 2024: Device nor in ready nor in Screensaver status
Mon Mar 4 15:00:46 UTC 2024: loooop
Mon Mar 4 15:00:46 UTC 2024: Device nor in ready nor in Screensaver status
Mon Mar 4 15:00:56 UTC 2024: loooop
Mon Mar 4 15:00:56 UTC 2024: Device nor in ready nor in Screensaver status
Mon Mar 4 15:01:06 UTC 2024: loooop
Mon Mar 4 15:01:06 UTC 2024: Device nor in ready nor in Screensaver status
